<?xml version="1.0" encoding="UTF-8"?>
<testng-results ignored="0" total="1" passed="1" failed="0" skipped="0">
  <reporter-output>
  </reporter-output>
  <suite started-at="2025-06-11T04:34:14 COT" name="Saucedemo Test Suite" finished-at="2025-06-11T04:34:18 COT" duration-ms="3642">
    <groups>
    </groups>
    <test started-at="2025-06-11T04:34:14 COT" name="Saucedemo Tests" finished-at="2025-06-11T04:34:18 COT" duration-ms="3642">
      <class name="saucedemo.test.SaucedemoTest">
        <test-method is-config="true" signature="setUp()[pri:0, instance:saucedemo.test.SaucedemoTest@47d90b9e]" started-at="2025-06-11T04:34:14 COT" name="setUp" finished-at="2025-06-11T04:34:17 COT" duration-ms="2485" status="PASS">
          <reporter-output>
          </reporter-output>
        </test-method> <!-- setUp -->
        <test-method signature="testCompletePurchase()[pri:0, instance:saucedemo.test.SaucedemoTest@47d90b9e]" started-at="2025-06-11T04:34:17 COT" name="testCompletePurchase" finished-at="2025-06-11T04:34:18 COT" duration-ms="930" status="PASS">
          <reporter-output>
          </reporter-output>
        </test-method> <!-- testCompletePurchase -->
        <test-method is-config="true" signature="tearDown()[pri:0, instance:saucedemo.test.SaucedemoTest@47d90b9e]" started-at="2025-06-11T04:34:18 COT" name="tearDown" finished-at="2025-06-11T04:34:18 COT" duration-ms="190" status="PASS">
          <reporter-output>
          </reporter-output>
        </test-method> <!-- tearDown -->
      </class> <!-- saucedemo.test.SaucedemoTest -->
    </test> <!-- Saucedemo Tests -->
  </suite> <!-- Saucedemo Test Suite -->
</testng-results>
